<?xml version="1.0" encoding="UTF-8"?>
<!-- Generated by org.testng.reporters.JUnitReportReporter -->
<testsuite skipped="0" hostname="DESKTOP-AFCAA2G" name="ExtentReport.ExtentReportDemo" tests="1" failures="1" timestamp="01 Feb 2020 08:18:48 GMT" time="9.955" errors="0">
  <testcase name="loginTest" time="9.955" classname="ExtentReport.ExtentReportDemo">
    <failure type="java.lang.AssertionError" message="expected [true] but found [false]">
      <![CDATA[java.lang.AssertionError: expected [true] but found [false]
at ExtentReport.ExtentReportDemo.loginTest(ExtentReportDemo.java:51)
]]>
    </failure>
  </testcase> <!-- loginTest -->
</testsuite> <!-- ExtentReport.ExtentReportDemo -->
